How many players?

Heads:
1: 9H (1)

Players:
Player 1: 53 (53 draw, 0 discard)
Player 2: 54 (54 draw, 0 discard)
Player 3: 54 (54 draw, 0 discard)

Player 2, it is your turn.

Heads:
1: 9H (1)

Players:
Player 1: 53 (53 draw, 0 discard)
Player 2: 53 (53 draw, 0 discard) + 1 in hand, 0 remaining, 0 in reserve
Player 3: 54 (54 draw, 0 discard)

Player 2, you are holding a AC. Your move?

Heads:
1: AC (2)

Players:
Player 1: 53 (53 draw, 0 discard)
Player 2: 53 (53 draw, 0 discard)
Player 3: 54 (54 draw, 0 discard)

Player 3, it is your turn.

Heads:
1: AC (2)

Players:
Player 1: 53 (53 draw, 0 discard)
Player 2: 53 (53 draw, 0 discard)
Player 3: 53 (53 draw, 0 discard) + 1 in hand, 0 remaining, 0 in reserve

Player 3, you are holding a Joker. Your move?
Joker value?

Heads:
1: AJ (3)

Players:
Player 1: 53 (53 draw, 0 discard)
Player 2: 53 (53 draw, 0 discard)
Player 3: 53 (53 draw, 0 discard)

Player 1, it is your turn.

Heads:
1: AJ (3)

Players:
Player 1: 52 (52 draw, 0 discard) + 1 in hand, 0 remaining, 0 in reserve
Player 2: 53 (53 draw, 0 discard)
Player 3: 53 (53 draw, 0 discard)

Player 1, you are holding a 10S. Your move?

Heads:
1: 10S (4)

Players:
Player 1: 52 (52 draw, 0 discard)
Player 2: 53 (53 draw, 0 discard)
Player 3: 53 (53 draw, 0 discard)

Player 2, it is your turn.

Heads:
1: 10S (4)

Players:
Player 1: 52 (52 draw, 0 discard)
Player 2: 52 (52 draw, 0 discard) + 1 in hand, 0 remaining, 0 in reserve
Player 3: 53 (53 draw, 0 discard)

Player 2, you are holding a 8C. Your move?

Heads:
1: 8C (5)

Players:
Player 1: 52 (52 draw, 0 discard)
Player 2: 52 (52 draw, 0 discard)
Player 3: 53 (53 draw, 0 discard)

Player 3, it is your turn.

Heads:
1: 8C (5)

Players:
Player 1: 52 (52 draw, 0 discard)
Player 2: 52 (52 draw, 0 discard)
Player 3: 52 (52 draw, 0 discard) + 1 in hand, 0 remaining, 0 in reserve

Player 3, you are holding a AC. Your move?

Heads:
1: AC (6)

Players:
Player 1: 52 (52 draw, 0 discard)
Player 2: 52 (52 draw, 0 discard)
Player 3: 52 (52 draw, 0 discard)

Player 1, it is your turn.

Heads:
1: AC (6)

Players:
Player 1: 51 (51 draw, 0 discard) + 1 in hand, 0 remaining, 0 in reserve
Player 2: 52 (52 draw, 0 discard)
Player 3: 52 (52 draw, 0 discard)

Player 1, you are holding a 3H. Your move?

Heads:
1: 3H (7)

Players:
Player 1: 51 (51 draw, 0 discard)
Player 2: 52 (52 draw, 0 discard)
Player 3: 52 (52 draw, 0 discard)

Player 2, it is your turn.

Heads:
1: 3H (7)

Players:
Player 1: 51 (51 draw, 0 discard)
Player 2: 51 (51 draw, 0 discard) + 1 in hand, 0 remaining, 0 in reserve
Player 3: 52 (52 draw, 0 discard)

Player 2, you are holding a 4C. Your move?

Heads:
2: 3D (1)
3: QC (1)

Players:
Player 1: 51 (51 draw, 0 discard)
Player 2: 57 (49 draw, 8 discard)
Player 3: 52 (52 draw, 0 discard)

Player 3, it is your turn.

Heads:
2: 3D (1)
3: QC (1)

Players:
Player 1: 51 (51 draw, 0 discard)
Player 2: 57 (49 draw, 8 discard)
Player 3: 51 (51 draw, 0 discard) + 1 in hand, 1 remaining, 0 in reserve

Player 3, you are holding a QH. Your move?

Heads:
2: 3D (1)
3: QC (1)

Players:
Player 1: 51 (51 draw, 0 discard)
Player 2: 57 (49 draw, 8 discard)
Player 3: 50 (50 draw, 0 discard) + 1 in hand, 0 remaining, 1 in reserve

Player 3, you are holding a 2D. Your move?

Heads:
2: 3D (1)
3: QC (1)

Players:
Player 1: 51 (51 draw, 0 discard)
Player 2: 57 (49 draw, 8 discard)
Player 3: 50 (50 draw, 0 discard) + 1 in hand, 0 remaining, 1 in reserve

Player 3, you are holding a QH. Your move?

Heads:
2: 3D (1)
3: QH (2)

Players:
Player 1: 51 (51 draw, 0 discard)
Player 2: 57 (49 draw, 8 discard)
Player 3: 51 (51 draw, 0 discard)

Player 1, it is your turn.

Heads:
2: 3D (1)
3: QH (2)

Players:
Player 1: 50 (50 draw, 0 discard) + 1 in hand, 1 remaining, 0 in reserve
Player 2: 57 (49 draw, 8 discard)
Player 3: 51 (51 draw, 0 discard)

Player 1, you are holding a 10D. Your move?

Heads:
2: 3D (1)
3: 10D (3)

Players:
Player 1: 49 (49 draw, 0 discard) + 1 in hand, 0 remaining, 0 in reserve
Player 2: 57 (49 draw, 8 discard)
Player 3: 51 (51 draw, 0 discard)

Player 1, you are holding a 3S. Your move?

Heads:
2: 3D (1)
3: 10D (3)

Players:
Player 1: 50 (50 draw, 0 discard)
Player 2: 57 (49 draw, 8 discard)
Player 3: 51 (51 draw, 0 discard)

Player 2, it is your turn.

Heads:
2: 3D (1)
3: 10D (3)

Players:
Player 1: 50 (50 draw, 0 discard)
Player 2: 56 (48 draw, 8 discard) + 1 in hand, 1 remaining, 0 in reserve
Player 3: 51 (51 draw, 0 discard)

Player 2, you are holding a 8H. Your move?

Heads:
2: 3D (1)
3: 8H (4)

Players:
Player 1: 50 (50 draw, 0 discard)
Player 2: 55 (47 draw, 8 discard) + 1 in hand, 0 remaining, 0 in reserve
Player 3: 51 (51 draw, 0 discard)

Player 2, you are holding a 7C. Your move?

Heads:
2: 3D (1)
3: 7C (5)

Players:
Player 1: 50 (50 draw, 0 discard)
Player 2: 55 (47 draw, 8 discard)
Player 3: 51 (51 draw, 0 discard)

Player 3, it is your turn.

Heads:
2: 3D (1)
3: 7C (5)

Players:
Player 1: 50 (50 draw, 0 discard)
Player 2: 55 (47 draw, 8 discard)
Player 3: 50 (50 draw, 0 discard) + 1 in hand, 1 remaining, 0 in reserve

Player 3, you are holding a 2D. Your move?

Heads:
2: 2D (2)
3: 7C (5)

Players:
Player 1: 50 (50 draw, 0 discard)
Player 2: 55 (47 draw, 8 discard)
Player 3: 49 (49 draw, 0 discard) + 1 in hand, 0 remaining, 0 in reserve

Player 3, you are holding a QH. Your move?

Heads:
2: 2D (2)
3: 7C (5)

Players:
Player 1: 50 (50 draw, 0 discard)
Player 2: 55 (47 draw, 8 discard)
Player 3: 50 (50 draw, 0 discard)

Player 1, it is your turn.

Heads:
2: 2D (2)
3: 7C (5)

Players:
Player 1: 49 (49 draw, 0 discard) + 1 in hand, 1 remaining, 0 in reserve
Player 2: 55 (47 draw, 8 discard)
Player 3: 50 (50 draw, 0 discard)

Player 1, you are holding a 3S. Your move?

Heads:
2: 2D (2)
3: 3S (6)

Players:
Player 1: 48 (48 draw, 0 discard) + 1 in hand, 0 remaining, 0 in reserve
Player 2: 55 (47 draw, 8 discard)
Player 3: 50 (50 draw, 0 discard)

Player 1, you are holding a 7D. Your move?

Heads:
2: 2D (2)
3: 3S (6)

Players:
Player 1: 49 (49 draw, 0 discard)
Player 2: 55 (47 draw, 8 discard)
Player 3: 50 (50 draw, 0 discard)

Player 2, it is your turn.

Heads:
2: 2D (2)
3: 3S (6)

Players:
Player 1: 49 (49 draw, 0 discard)
Player 2: 54 (46 draw, 8 discard) + 1 in hand, 1 remaining, 0 in reserve
Player 3: 50 (50 draw, 0 discard)

Player 2, you are holding a 7S. Your move?

Heads:
2: 2D (2)
3: 3S (6)

Players:
Player 1: 49 (49 draw, 0 discard)
Player 2: 53 (45 draw, 8 discard) + 1 in hand, 0 remaining, 1 in reserve
Player 3: 50 (50 draw, 0 discard)

Player 2, you are holding a QC. Your move?

Heads:
3: 3S (6)
4: 7S (1)
5: 10C (1)

Players:
Player 1: 49 (49 draw, 0 discard)
Player 2: 55 (44 draw, 11 discard)
Player 3: 50 (50 draw, 0 discard)

Player 3, it is your turn.
